box_id,width,height,depth,x,y,z
0,17,11,17,13,4,10
2,17,10,17,13,20,10
4,17,11,10,13,4,0
6,10,13,14,0,17,0
8,10,13,14,0,4,13
10,17,10,10,13,20,0
12,10,13,13,0,4,0
14,10,13,13,0,17,14
16,17,5,17,13,15,10
18,3,19,17,10,4,10
20,17,4,14,3,0,0
22,17,4,13,3,0,14
24,17,5,10,13,15,0
26,10,4,19,20,0,11
28,15,16,3,10,4,27
30,10,15,3,0,0,27
32,15,10,3,10,20,27
34,3,11,10,10,4,0
36,10,11,3,0,19,27
38,10,4,8,20,0,0
40,3,10,10,10,15,0
42,3,5,17,10,25,10
44,5,16,3,25,14,27
46,3,4,14,0,0,0
48,3,4,13,0,0,14
50,3,5,10,10,25,0
52,5,10,3,25,4,27
54,10,4,3,10,0,27
56,10,4,3,0,15,27
58,10,4,3,20,0,8
60,3,2,17,10,23,10
box_a,box_b,satisfied_constraint
0,2,2
0,4,5
0,6,2
0,8,1
0,10,5
0,12,1
0,14,1
0,16,2
0,18,1
0,20,3
0,22,3
0,24,2
0,26,3
0,28,4
0,30,1
0,32,4
0,34,1
0,36,2
0,38,3
0,40,1
0,42,2
0,44,4
0,46,3
0,48,3
0,50,5
0,52,4
0,54,3
0,56,2
0,58,3
0,60,1
2,4,3
2,6,1
2,8,1
2,10,5
2,12,1
2,14,1
2,16,3
2,18,1
2,20,3
2,22,3
2,24,5
2,26,3
2,28,4
2,30,3
2,32,4
2,34,3
2,36,4
2,38,3
2,40,1
2,42,1
2,44,4
2,46,3
2,48,1
2,50,5
2,52,3
2,54,3
2,56,3
2,58,3
2,60,1
4,6,1
4,8,4
4,10,2
4,12,1
4,14,4
4,16,2
4,18,1
4,20,3
4,22,4
4,24,2
4,26,4
4,28,4
4,30,4
4,32,4
4,34,1
4,36,2
4,38,3
4,40,1
4,42,4
4,44,4
4,46,3
4,48,4
4,50,1
4,52,4
4,54,4
4,56,2
4,58,3
4,60,4
6,8,3
6,10,0
6,12,3
6,14,4
6,16,0
6,18,0
6,20,3
6,22,4
6,24,0
6,26,3
6,28,4
6,30,4
6,32,4
6,34,0
6,36,4
6,38,0
6,40,0
6,42,0
6,44,4
6,46,3
6,48,4
6,50,0
6,52,0
6,54,4
6,56,4
6,58,0
6,60,0
8,10,5
8,12,5
8,14,2
8,16,0
8,18,0
8,20,3
8,22,3
8,24,0
8,26,3
8,28,0
8,30,4
8,32,0
8,34,5
8,36,4
8,38,0
8,38,5
8,40,0
8,42,0
8,44,0
8,46,3
8,48,3
8,50,5
8,52,0
8,54,3
8,56,4
8,58,3
8,60,2
10,12,1
10,14,1
10,16,3
10,18,1
10,20,3
10,22,3
10,24,3
10,26,3
10,28,4
10,30,1
10,32,4
10,34,3
10,36,1
10,38,3
10,40,1
10,42,1
10,44,4
10,46,3
10,48,1
10,50,1
10,52,3
10,54,3
10,56,4
10,58,3
10,60,1
12,14,4
12,16,0
12,18,0
12,20,3
12,22,3
12,24,0
12,26,3
12,28,4
12,30,4
12,32,4
12,34,0
12,36,4
12,38,0
12,40,0
12,42,0
12,44,4
12,46,3
12,48,3
12,50,0
12,52,0
12,54,4
12,56,4
12,58,3
12,60,2
14,16,0
14,18,0
14,20,3
14,22,3
14,24,0
14,26,3
14,28,0
14,30,4
14,32,0
14,34,0
14,36,4
14,38,5
14,40,0
14,42,0
14,44,0
14,46,5
14,48,3
14,50,5
14,52,4
14,54,4
14,56,4
14,58,5
14,60,0
16,18,1
16,20,3
16,22,3
16,24,5
16,26,3
16,28,4
16,30,3
16,32,4
16,34,1
16,36,1
16,38,3
16,40,1
16,42,2
16,44,4
16,46,3
16,48,1
16,50,1
16,52,3
16,54,3
16,56,1
16,58,3
16,60,1
18,20,3
18,22,3
18,24,0
18,26,0
18,28,4
18,30,1
18,32,4
18,34,5
18,36,1
18,38,0
18,40,5
18,42,2
18,44,4
18,46,3
18,48,1
18,50,5
18,52,0
18,54,4
18,56,1
18,58,0
18,60,2
20,22,4
20,24,2
20,26,0
20,28,2
20,30,4
20,32,2
20,34,2
20,36,2
20,38,0
20,40,2
20,42,2
20,44,0
20,46,1
20,48,1
20,50,2
20,52,4
20,54,4
20,56,4
20,58,0
20,60,2
22,24,2
22,26,0
22,28,2
22,30,4
22,32,2
22,34,2
22,36,2
22,38,5
22,40,2
22,42,2
22,44,4
22,46,1
22,48,1
22,50,2
22,52,4
22,54,4
22,56,2
22,58,0
22,60,2
24,26,3
24,28,4
24,30,3
24,32,2
24,34,1
24,36,1
24,38,3
24,40,1
24,42,1
24,44,4
24,46,3
24,48,1
24,50,1
24,52,4
24,54,4
24,56,1
24,58,3
24,60,1
26,28,2
26,30,1
26,32,2
26,34,1
26,36,2
26,38,5
26,40,1
26,42,2
26,44,2
26,46,1
26,48,1
26,50,2
26,52,2
26,54,1
26,56,2
26,58,5
26,60,1
28,30,1
28,32,2
28,34,5
28,36,1
28,38,3
28,40,5
28,42,5
28,44,0
28,46,3
28,48,5
28,50,5
28,52,0
28,54,3
28,56,1
28,58,5
28,60,2
30,32,2
30,34,0
30,36,2
30,38,5
30,40,5
30,42,0
30,44,0
30,46,5
30,48,5
30,50,5
30,52,0
30,54,0
30,56,2
30,58,5
30,60,5
32,34,5
32,36,1
32,38,5
32,40,5
32,42,5
32,44,0
32,46,1
32,48,5
32,50,5
32,52,0
32,54,3
32,56,3
32,58,5
32,60,5
34,36,4
34,38,3
34,40,2
34,42,2
34,44,4
34,46,3
34,48,4
34,50,2
34,52,0
34,54,4
34,56,1
34,58,0
34,60,4
36,38,3
36,40,0
36,42,0
36,44,0
36,46,3
36,48,3
36,50,5
36,52,0
36,54,3
36,56,3
36,58,3
36,60,0
38,40,1
38,42,2
38,44,4
38,46,1
38,48,4
38,50,2
38,52,4
38,54,4
38,56,1
38,58,4
38,60,4
40,42,2
40,44,4
40,46,3
40,48,3
40,50,2
40,52,0
40,54,4
40,56,4
40,58,3
40,60,4
42,44,4
42,46,3
42,48,3
42,50,5
42,52,0
42,54,4
42,56,1
42,58,3
42,60,3
44,46,1
44,48,1
44,50,5
44,52,3
44,54,1
44,56,1
44,58,5
44,60,1
46,48,4
46,50,2
46,52,2
46,54,4
46,56,2
46,58,0
46,60,0
48,50,5
48,52,4
48,54,4
48,56,4
48,58,0
48,60,0
50,52,4
50,54,3
50,56,3
50,58,3
50,60,4
52,54,1
52,56,2
52,58,5
52,60,1
54,56,2
54,58,0
54,60,5
56,58,3
56,60,5
58,60,2
